SF:lib\widgets\atoms\cButton.dart
DA:13,1
DA:20,1
DA:22,1
DA:26,1
DA:27,1
DA:28,1
DA:29,1
DA:31,0
DA:32,0
DA:34,1
DA:35,1
DA:36,1
DA:37,1
LF:13
LH:11
end_of_record
SF:lib\styles\styles.dart
DA:11,1
DA:13,1
DA:15,1
DA:22,1
DA:25,1
DA:26,1
DA:28,1
DA:29,1
DA:30,1
DA:31,1
LF:10
LH:10
end_of_record
SF:lib\widgets\atoms\cHeader.dart
DA:8,2
DA:10,2
DA:12,2
DA:13,2
DA:14,2
DA:15,2
LF:6
LH:6
end_of_record
SF:lib\widgets\atoms\cLink.dart
DA:7,1
DA:9,1
DA:11,1
DA:12,1
DA:13,1
DA:15,1
DA:16,1
DA:17,1
LF:8
LH:8
end_of_record
SF:lib\widgets\atoms\cInputField.dart
DA:5,1
DA:18,1
DA:20,1
DA:21,1
DA:22,1
DA:31,1
DA:32,1
DA:33,1
DA:34,1
LF:9
LH:9
end_of_record
SF:lib\widgets\atoms\cSubHeader.dart
DA:8,1
DA:10,1
DA:12,1
DA:13,1
DA:14,1
DA:15,1
LF:6
LH:6
end_of_record
SF:lib\widgets\atoms\cText.dart
DA:16,5
DA:29,5
DA:31,5
DA:32,25
DA:33,5
DA:34,5
DA:35,5
DA:36,5
DA:37,5
DA:38,5
DA:40,5
DA:41,5
LF:12
LH:12
end_of_record
SF:lib\widgets\molecules\cCard.dart
DA:10,1
DA:15,1
DA:17,1
DA:19,1
DA:20,1
DA:22,1
DA:23,1
DA:26,1
DA:27,1
DA:29,1
DA:30,1
DA:31,1
DA:33,1
DA:34,1
DA:35,1
DA:36,1
DA:38,1
DA:43,1
DA:44,1
DA:45,1
DA:46,1
DA:48,1
LF:22
LH:22
end_of_record
SF:lib\widgets\molecules\cHero.dart
DA:9,1
DA:11,1
DA:13,1
DA:14,1
DA:15,1
DA:16,1
DA:21,1
DA:23,1
LF:8
LH:8
end_of_record
SF:lib\widgets\molecules\cRegistrationBox.dart
DA:8,1
DA:10,1
DA:12,1
DA:14,1
DA:15,1
DA:17,1
DA:19,1
DA:20,1
DA:21,1
DA:22,1
DA:25,1
DA:29,1
DA:30,1
DA:31,1
DA:35,1
DA:38,1
DA:39,1
DA:40,1
DA:45,1
DA:53,1
DA:57,1
DA:59,1
LF:22
LH:22
end_of_record
SF:lib\widgets\molecules\cVehicleDetails.dart
DA:7,1
DA:9,1
DA:10,1
DA:11,1
DA:12,1
DA:14,1
DA:15,1
DA:21,1
DA:22,1
DA:23,1
DA:26,0
DA:27,0
DA:29,0
DA:30,0
DA:38,1
DA:39,1
DA:40,1
DA:41,1
DA:44,1
DA:46,1
DA:53,1
LF:21
LH:17
end_of_record
SF:lib\screens\account\account_page.dart
DA:6,0
DA:7,0
DA:15,0
DA:18,0
DA:21,0
DA:23,0
DA:24,0
DA:26,0
DA:27,0
DA:28,0
DA:29,0
DA:30,0
DA:33,0
DA:34,0
DA:35,0
DA:36,0
DA:37,0
DA:38,0
DA:41,0
DA:42,0
DA:45,0
DA:47,0
DA:48,0
DA:55,0
DA:56,0
DA:57,0
DA:59,0
DA:60,0
DA:63,0
DA:75,0
DA:77,0
DA:78,0
DA:79,0
DA:82,0
DA:83,0
DA:84,0
DA:86,0
DA:89,0
DA:90,0
DA:93,0
DA:94,0
DA:96,0
DA:102,0
DA:105,0
DA:106,0
DA:111,0
DA:112,0
DA:114,0
DA:116,0
DA:117,0
DA:120,0
DA:121,0
DA:123,0
DA:131,0
DA:132,0
DA:134,0
DA:136,0
DA:137,0
DA:138,0
DA:142,0
DA:143,0
DA:148,0
DA:149,0
DA:151,0
DA:153,0
DA:154,0
DA:157,0
DA:158,0
DA:160,0
DA:168,0
DA:169,0
DA:171,0
DA:173,0
DA:174,0
DA:175,0
DA:179,0
DA:180,0
DA:185,0
DA:186,0
DA:188,0
DA:190,0
DA:191,0
DA:194,0
DA:195,0
DA:197,0
DA:205,0
DA:206,0
DA:208,0
DA:210,0
DA:211,0
DA:212,0
DA:215,0
DA:220,0
DA:221,0
DA:223,0
DA:225,0
DA:226,0
DA:229,0
DA:230,0
DA:232,0
DA:240,0
DA:241,0
DA:243,0
DA:245,0
DA:246,0
DA:247,0
DA:250,0
DA:255,0
DA:256,0
DA:258,0
DA:261,0
DA:262,0
DA:263,0
DA:264,0
DA:266,0
DA:273,0
DA:274,0
DA:275,0
DA:277,0
DA:286,0
DA:287,0
DA:289,0
DA:292,0
DA:293,0
DA:294,0
DA:295,0
DA:296,0
DA:299,0
DA:304,0
DA:305,0
DA:308,0
DA:314,0
DA:326,0
DA:329,0
DA:330,0
DA:333,0
DA:334,0
DA:335,0
DA:336,0
DA:339,0
DA:340,0
DA:341,0
DA:342,0
DA:343,0
DA:344,0
DA:345,0
DA:348,0
DA:349,0
DA:350,0
DA:351,0
DA:354,0
DA:355,0
DA:360,0
DA:361,0
DA:362,0
DA:363,0
DA:364,0
DA:365,0
DA:368,0
DA:369,0
DA:370,0
DA:371,0
DA:374,0
DA:375,0
DA:385,0
DA:386,0
DA:387,0
DA:390,0
DA:396,0
DA:397,0
DA:398,0
LF:171
LH:0
end_of_record
SF:lib\screens\vehicle\vehicle_overview_page.dart
DA:6,0
DA:8,0
DA:10,0
DA:11,0
DA:13,0
DA:14,0
DA:16,0
DA:18,0
DA:19,0
DA:24,0
DA:25,0
DA:27,0
DA:28,0
DA:33,0
DA:34,0
DA:36,0
DA:37,0
DA:44,0
DA:45,0
DA:46,0
DA:47,0
LF:21
LH:0
end_of_record
